<?xml version="1.0" encoding="UTF-8"?>
<testsuite name="UsersControllerTest" tests="7" time="0.226503" failures="2" errors="1" skipped="0" assertions="7" timestamp="2016-04-25T23:32:22+02:00">
  <testcase name="test_should_update_user" time="0.31278639000083786" assertions="1">
    <failure type="Minitest::Assertion" message="Expected response to be a &lt;redirect&gt;, but was &lt;200&gt;">
Expected response to be a &lt;redirect&gt;, but was &lt;200&gt; (Minitest::Assertion)
/Users/dominik/RubymineProjects/StudentPlanner/test/controllers/users_controller_test.rb:39    </failure>
  </testcase>
  <testcase name="test_should_destroy_user" time="0.054524935003428254" assertions="0">
    <error type="ActiveRecord::StatementInvalid" message="ActiveRecord::StatementInvalid: SQLite3::SQLException: no such column: calendars.user_id: SELECT  &quot;calendars&quot;.* FROM &quot;calendars&quot; WHERE &quot;calendars&quot;.&quot;user_id&quot; = ? LIMIT 1...">
ActiveRecord::StatementInvalid: SQLite3::SQLException: no such column: calendars.user_id: SELECT  "calendars".* FROM "calendars" WHERE "calendars"."user_id" = ? LIMIT 1
    app/controllers/users_controller.rb:58:in `destroy'
    test/controllers/users_controller_test.rb:44:in `block (2 levels) in &lt;class:UsersControllerTest&gt;'
    test/controllers/users_controller_test.rb:43:in `block in &lt;class:UsersControllerTest&gt;' (ActiveRecord::StatementInvalid)
/Users/dominik/RubymineProjects/StudentPlanner/test/controllers/users_controller_test.rb:43    </error>
  </testcase>
  <testcase name="test_should_get_index" time="0.014440611004829407" assertions="2">
  </testcase>
  <testcase name="test_should_create_user" time="0.03783306600234937" assertions="1">
    <failure type="Minitest::Assertion" message="&quot;User.count&quot; didn't change by 1....">
"User.count" didn't change by 1.
Expected: 3
  Actual: 2 (Minitest::Assertion)
/Users/dominik/RubymineProjects/StudentPlanner/test/controllers/users_controller_test.rb:20    </failure>
  </testcase>
  <testcase name="test_should_show_user" time="0.009236426005372778" assertions="1">
  </testcase>
  <testcase name="test_should_get_edit" time="0.025283969000156503" assertions="1">
  </testcase>
  <testcase name="test_should_get_new" time="0.027836853994813282" assertions="1">
  </testcase>
</testsuite>
