{
  "RSpec": {
    "coverage": {
      "/Users/dominik/RubymineProjects/StudentPlanner/app/models/calendar.rb": [
        1,
        1,
        1,
        null
      ],
      "/Users/dominik/RubymineProjects/StudentPlanner/app/models/course.rb": [
        1,
        1,
        null
      ],
      "/Users/dominik/RubymineProjects/StudentPlanner/app/models/event.rb": [
        1,
        1,
        null
      ],
      "/Users/dominik/RubymineProjects/StudentPlanner/app/models/team.rb": [
        1,
        1,
        1,
        null
      ],
      "/Users/dominik/RubymineProjects/StudentPlanner/app/models/user.rb": [
        1,
        1,
        1,
        1,
        1,
        1,
        1,
        1,
        1,
        1,
        1,
        null,
        null,
        1,
        1,
        null,
        1,
        0,
        null,
        0,
        null,
        null,
        1,
        0,
        null,
        null,
        1,
        0,
        0,
        null,
        null,
        1,
        0,
        0,
        null,
        null,
        null,
        1,
        0,
        null,
        null,
        null
      ],
      "/Users/dominik/RubymineProjects/StudentPlanner/app/controllers/courses_controller.rb": [
        1,
        1,
        null,
        null,
        null,
        1,
        1,
        null,
        null,
        null,
        null,
        1,
        null,
        null,
        null,
        1,
        1,
        null,
        null,
        null,
        1,
        null,
        null,
        null,
        null,
        1,
        1,
        null,
        1,
        1,
        2,
        1,
        null,
        0,
        0,
        null,
        null,
        null,
        null,
        null,
        null,
        1,
        1,
        1,
        2,
        1,
        null,
        0,
        0,
        null,
        null,
        null,
        null,
        null,
        null,
        1,
        1,
        1,
        2,
        1,
        null,
        null,
        null,
        1,
        null,
        1,
        4,
        null,
        null,
        null,
        1,
        2,
        null,
        null
      ],
      "/Users/dominik/RubymineProjects/StudentPlanner/app/controllers/application_controller.rb": [
        1,
        null,
        null,
        1,
        1,
        null
      ],
      "/Users/dominik/RubymineProjects/StudentPlanner/app/helpers/application_helper.rb": [
        1,
        1,
        25,
        25,
        21,
        null,
        4,
        null,
        null,
        null
      ],
      "/Users/dominik/RubymineProjects/StudentPlanner/app/helpers/calendars_helper.rb": [
        1,
        null
      ],
      "/Users/dominik/RubymineProjects/StudentPlanner/app/helpers/courses_helper.rb": [
        1,
        null
      ],
      "/Users/dominik/RubymineProjects/StudentPlanner/app/helpers/events_helper.rb": [
        1,
        null
      ],
      "/Users/dominik/RubymineProjects/StudentPlanner/app/helpers/sessions_helper.rb": [
        1,
        null,
        1,
        0,
        null,
        null,
        null,
        1,
        0,
        0,
        0,
        null,
        null,
        null,
        1,
        0,
        0,
        0,
        null,
        null,
        1,
        25,
        0,
        25,
        0,
        0,
        0,
        0,
        null,
        null,
        null,
        null,
        1,
        25,
        null,
        null,
        1,
        0,
        0,
        0,
        null,
        null
      ],
      "/Users/dominik/RubymineProjects/StudentPlanner/app/helpers/static_pages_helper.rb": [
        1,
        null
      ],
      "/Users/dominik/RubymineProjects/StudentPlanner/app/helpers/teams_helper.rb": [
        1,
        null
      ],
      "/Users/dominik/RubymineProjects/StudentPlanner/app/helpers/users_helper.rb": [
        1,
        1,
        1,
        1,
        1,
        null,
        null
      ],
      "/Users/dominik/RubymineProjects/StudentPlanner/app/controllers/teams_controller.rb": [
        1,
        1,
        null,
        null,
        null,
        1,
        1,
        null,
        null,
        null,
        null,
        1,
        null,
        null,
        null,
        1,
        1,
        null,
        null,
        null,
        1,
        null,
        null,
        null,
        null,
        1,
        1,
        null,
        1,
        1,
        2,
        1,
        null,
        0,
        0,
        null,
        null,
        null,
        null,
        null,
        null,
        1,
        1,
        1,
        2,
        1,
        null,
        0,
        0,
        null,
        null,
        null,
        null,
        null,
        null,
        1,
        1,
        1,
        2,
        1,
        null,
        null,
        null,
        1,
        null,
        1,
        4,
        null,
        null,
        null,
        1,
        2,
        null,
        null
      ],
      "/Users/dominik/RubymineProjects/StudentPlanner/app/controllers/sessions_controller.rb": [
        1,
        1,
        null,
        null,
        1,
        0,
        0,
        0,
        0,
        0,
        null,
        0,
        0,
        null,
        null,
        null,
        null,
        1,
        0,
        0,
        null,
        null
      ],
      "/Users/dominik/RubymineProjects/StudentPlanner/app/controllers/static_pages_controller.rb": [
        1,
        1,
        null,
        null,
        1,
        null,
        null,
        null,
        1,
        null,
        null,
        null,
        1,
        null,
        null
      ],
      "/Users/dominik/RubymineProjects/StudentPlanner/app/controllers/users_controller.rb": [
        1,
        1,
        null,
        null,
        null,
        1,
        1,
        null,
        null,
        null,
        null,
        1,
        null,
        null,
        null,
        1,
        1,
        null,
        null,
        null,
        1,
        null,
        null,
        null,
        null,
        1,
        1,
        null,
        1,
        1,
        0,
        0,
        0,
        null,
        2,
        1,
        null,
        null,
        null,
        null,
        null,
        null,
        1,
        1,
        1,
        0,
        0,
        null,
        2,
        1,
        null,
        null,
        null,
        null,
        null,
        null,
        1,
        0,
        0,
        0,
        0,
        null,
        null,
        null,
        1,
        null,
        1,
        3,
        null,
        null,
        null,
        1,
        2,
        null,
        null
      ],
      "/Users/dominik/RubymineProjects/StudentPlanner/app/controllers/events_controller.rb": [
        1,
        1,
        null,
        null,
        null,
        1,
        1,
        null,
        null,
        null,
        null,
        1,
        null,
        null,
        null,
        1,
        1,
        null,
        null,
        null,
        1,
        null,
        null,
        null,
        null,
        1,
        1,
        null,
        1,
        1,
        2,
        1,
        null,
        0,
        0,
        null,
        null,
        null,
        null,
        null,
        null,
        1,
        1,
        1,
        2,
        1,
        null,
        0,
        0,
        null,
        null,
        null,
        null,
        null,
        null,
        1,
        1,
        1,
        2,
        1,
        null,
        null,
        null,
        1,
        null,
        1,
        4,
        null,
        null,
        null,
        1,
        2,
        null,
        null
      ],
      "/Users/dominik/RubymineProjects/StudentPlanner/app/controllers/calendars_controller.rb": [
        1,
        1,
        null,
        null,
        null,
        1,
        1,
        null,
        null,
        null,
        null,
        1,
        null,
        null,
        null,
        1,
        1,
        null,
        null,
        null,
        1,
        null,
        null,
        null,
        null,
        1,
        1,
        null,
        1,
        1,
        2,
        1,
        null,
        0,
        0,
        null,
        null,
        null,
        null,
        null,
        null,
        1,
        1,
        1,
        2,
        1,
        null,
        0,
        0,
        null,
        null,
        null,
        null,
        null,
        null,
        1,
        0,
        0,
        0,
        0,
        null,
        null,
        null,
        1,
        null,
        1,
        3,
        null,
        null,
        null,
        1,
        2,
        null,
        null
      ]
    },
    "timestamp": 1461711555
  }
}
